Using pre-set license
Built from '2020.3/staging' branch; Version is '2020.3.8f1 (507919d4fff5) revision 5273881'; Using compiler version '192528614'; Build Type 'Release'
OS: 'Windows 10 Home; OS build 22000.795; Version 2009; 64bit' Language: 'en' Physical Memory: 8038 MB
BatchMode: 1, IsHumanControllingUs: 0, StartBugReporterOnCrash: 0, Is64bit: 1, IsPro: 0

 COMMAND LINE ARGUMENTS:
D:\Unity\2020.3.8f1\Editor\Unity.exe
-adb2
-batchMode
-noUpm
-name
AssetImportWorker0
-projectPath
D:/UnityProjects/Tower-Defance-Game
-logFile
Logs/AssetImportWorker0.log
-srvPort
52344
Successfully changed project path to: D:/UnityProjects/Tower-Defance-Game
D:/UnityProjects/Tower-Defance-Game
Using Asset Import Pipeline V2.
Refreshing native plugins compatible for Editor in 26.22 ms, found 0 plugins.
Preloading 0 native plugins for Editor in 0.00 ms.
Initialize engine version: 2020.3.8f1 (507919d4fff5)
[Subsystems] Discovering subsystems at path D:/Unity/2020.3.8f1/Editor/Data/Resources/UnitySubsystems
[Subsystems] Discovering subsystems at path D:/UnityProjects/Tower-Defance-Game/Assets
GfxDevice: creating device client; threaded=0
Direct3D:
    Version:  Direct3D 11.0 [level 11.1]
    Renderer: NVIDIA GeForce GTX 1050 Ti (ID=0x1c8c)
    Vendor:   
    VRAM:     4021 MB
    Driver:   27.21.14.6677
Initialize mono
Mono path[0] = 'D:/Unity/2020.3.8f1/Editor/Data/Managed'
Mono path[1] = 'D:/Unity/2020.3.8f1/Editor/Data/MonoBleedingEdge/lib/mono/unityjit'
Mono config path = 'D:/Unity/2020.3.8f1/Editor/Data/MonoBleedingEdge/etc'
Using monoOptions --debugger-agent=transport=dt_socket,embedding=1,server=y,suspend=n,address=127.0.0.1:56188
Begin MonoManager ReloadAssembly
Registering precompiled unity dll's ...
Register platform support module: D:/Unity/2020.3.8f1/Editor/Data/PlaybackEngines/WindowsStandaloneSupport/UnityEditor.WindowsStandalone.Extensions.dll
Registered in 0.003846 seconds.
Native extension for WindowsStandalone target not found
Refreshing native plugins compatible for Editor in 24.54 ms, found 0 plugins.
Preloading 0 native plugins for Editor in 0.00 ms.
Mono: successfully reloaded assembly
- Completed reload, in  1.225 seconds
Platform modules already initialized, skipping
Registering precompiled user dll's ...
Registered in 0.001043 seconds.
Begin MonoManager ReloadAssembly
Native extension for WindowsStandalone target not found
Refreshing native plugins compatible for Editor in 0.20 ms, found 0 plugins.
Preloading 0 native plugins for Editor in 0.00 ms.
Mono: successfully reloaded assembly
- Completed reload, in  0.832 seconds
Platform modules already initialized, skipping
========================================================================
Worker process is ready to serve import requests
Launched and connected shader compiler UnityShaderCompiler.exe after 0.09 seconds
Refreshing native plugins compatible for Editor in 0.21 ms, found 0 plugins.
Preloading 0 native plugins for Editor in 0.00 ms.
Unloading 1140 Unused Serialized files (Serialized files now loaded: 0)
System memory in use before: 60.3 MB.
System memory in use after: 60.3 MB.

Unloading 10 unused Assets to reduce memory usage. Loaded Objects now: 1585.
Total: 1.726500 ms (FindLiveObjects: 0.144500 ms CreateObjectMapping: 0.058300 ms MarkObjects: 1.451600 ms  DeleteObjects: 0.071400 ms)

========================================================================
Received Import Request.
  path: Assets/[Game]/Scenes/Menu.unity
  artifactKey: Guid(36142fa58a22b514a80e46e7b6a87714) Importer(815301076,1909f56bfc062723c751e8b465ee728b)
Start importing Assets/[Game]/Scenes/Menu.unity using Guid(36142fa58a22b514a80e46e7b6a87714) Importer(815301076,1909f56bfc062723c751e8b465ee728b)  -> (artifact id: '52bf7ca95761add55ebd492813f3b0f1') in 0.015347 seconds
  Import took 0.039993 seconds .

========================================================================
Received Import Request.
  Time since last request: 7.079103 seconds.
  path: Assets/[Game]/Scenes/Menu 1.unity
  artifactKey: Guid(692ff49ebe3e21d40ae4a75f3e16085a) Importer(815301076,1909f56bfc062723c751e8b465ee728b)
Start importing Assets/[Game]/Scenes/Menu 1.unity using Guid(692ff49ebe3e21d40ae4a75f3e16085a) Importer(815301076,1909f56bfc062723c751e8b465ee728b)  -> (artifact id: 'e10b34886ed9e6449e39da0cdbdbfd8c') in 0.007600 seconds
  Import took 0.029156 seconds .

========================================================================
Received Import Request.
  Time since last request: 10.394789 seconds.
  path: Assets/[Game]/Scenes/Level-2.unity
  artifactKey: Guid(692ff49ebe3e21d40ae4a75f3e16085a) Importer(815301076,1909f56bfc062723c751e8b465ee728b)
Start importing Assets/[Game]/Scenes/Level-2.unity using Guid(692ff49ebe3e21d40ae4a75f3e16085a) Importer(815301076,1909f56bfc062723c751e8b465ee728b)  -> (artifact id: 'f017f5730de4015c6c06b3f782618f85') in 0.007099 seconds
  Import took 0.021624 seconds .

========================================================================
Received Import Request.
  Time since last request: 19.949674 seconds.
  path: Assets/[Game]/Scenes/Game/Game.unity
  artifactKey: Guid(9fc0d4010bbf28b4594072e72b8655ab) Importer(815301076,1909f56bfc062723c751e8b465ee728b)
Start importing Assets/[Game]/Scenes/Game/Game.unity using Guid(9fc0d4010bbf28b4594072e72b8655ab) Importer(815301076,1909f56bfc062723c751e8b465ee728b)  -> (artifact id: '81ccbf0ab83fb38c0810bc77162b91b5') in 0.008851 seconds
  Import took 0.078950 seconds .

========================================================================
Received Import Request.
  Time since last request: 3.882739 seconds.
  path: Assets/[Game]/Scenes/Game/Game 1.unity
  artifactKey: Guid(63a3e588b4c33114ba6dba3dc53f1b66) Importer(815301076,1909f56bfc062723c751e8b465ee728b)
Start importing Assets/[Game]/Scenes/Game/Game 1.unity using Guid(63a3e588b4c33114ba6dba3dc53f1b66) Importer(815301076,1909f56bfc062723c751e8b465ee728b)  -> (artifact id: 'cc4ad48a0ef23252ddbae6c1be4f7a6d') in 0.008834 seconds
  Import took 0.048118 seconds .

========================================================================
Received Import Request.
  Time since last request: 27.639714 seconds.
  path: Assets/[Game]/Scenes/Game/Game 1.unity
  artifactKey: Guid(fa61187efcc936e4e8b2ffcd85096ad0) Importer(815301076,1909f56bfc062723c751e8b465ee728b)
Start importing Assets/[Game]/Scenes/Game/Game 1.unity using Guid(fa61187efcc936e4e8b2ffcd85096ad0) Importer(815301076,1909f56bfc062723c751e8b465ee728b)  -> (artifact id: '6dfe1c47b49fad1df715e960d5c7b6ed') in 0.004097 seconds
  Import took 0.021486 seconds .

========================================================================
Received Import Request.
  Time since last request: 7.557735 seconds.
  path: Assets/[Game]/Scenes/Level-2.unity
  artifactKey: Guid(fa61187efcc936e4e8b2ffcd85096ad0) Importer(815301076,1909f56bfc062723c751e8b465ee728b)
Start importing Assets/[Game]/Scenes/Level-2.unity using Guid(fa61187efcc936e4e8b2ffcd85096ad0) Importer(815301076,1909f56bfc062723c751e8b465ee728b)  -> (artifact id: '34af1cfde37c3f18c782b0f2a8ff12aa') in 0.003954 seconds
  Import took 0.006471 seconds .

========================================================================
Received Import Request.
  Time since last request: 287.095703 seconds.
  path: Assets/[Game]/Prefabs/WaterLand
  artifactKey: Guid(a806e56a5af10e84a8a07b5424cc6d22) Importer(815301076,1909f56bfc062723c751e8b465ee728b)
Start importing Assets/[Game]/Prefabs/WaterLand using Guid(a806e56a5af10e84a8a07b5424cc6d22) Importer(815301076,1909f56bfc062723c751e8b465ee728b)  -> (artifact id: '2f3d9cbd4d04dda3eeeea141001e8f08') in 0.007359 seconds
  Import took 0.032639 seconds .

========================================================================
Received Import Request.
  Time since last request: 69.964341 seconds.
  path: Assets/[Game]/Prefabs/New Folder
  artifactKey: Guid(85829f4cb7ebdea4fb5ebf80b9e72391) Importer(815301076,1909f56bfc062723c751e8b465ee728b)
Start importing Assets/[Game]/Prefabs/New Folder using Guid(85829f4cb7ebdea4fb5ebf80b9e72391) Importer(815301076,1909f56bfc062723c751e8b465ee728b)  -> (artifact id: '69de18562067128950c370772c6409b0') in 0.008363 seconds
  Import took 0.041390 seconds .

========================================================================
Received Import Request.
  Time since last request: 24.995757 seconds.
  path: Assets/[Game]/Prefabs/TheGrassTiles
  artifactKey: Guid(85829f4cb7ebdea4fb5ebf80b9e72391) Importer(815301076,1909f56bfc062723c751e8b465ee728b)
Start importing Assets/[Game]/Prefabs/TheGrassTiles using Guid(85829f4cb7ebdea4fb5ebf80b9e72391) Importer(815301076,1909f56bfc062723c751e8b465ee728b)  -> (artifact id: 'b661c2e79218bddea4b1981fe3c912f2') in 0.008629 seconds
  Import took 0.034565 seconds .

========================================================================
Received Import Request.
  Time since last request: 5.232720 seconds.
  path: Assets/[Game]/Prefabs/WaterTiles
  artifactKey: Guid(a806e56a5af10e84a8a07b5424cc6d22) Importer(815301076,1909f56bfc062723c751e8b465ee728b)
Start importing Assets/[Game]/Prefabs/WaterTiles using Guid(a806e56a5af10e84a8a07b5424cc6d22) Importer(815301076,1909f56bfc062723c751e8b465ee728b)  -> (artifact id: 'f6831940b40a4e30994ee3223833756b') in 0.007475 seconds
  Import took 0.046120 seconds .

========================================================================
Received Import Request.
  Time since last request: 43.259957 seconds.
  path: Assets/[Game]/Prefabs/Ram &ballista
  artifactKey: Guid(b227299795af1204883b91e402dbc664) Importer(815301076,1909f56bfc062723c751e8b465ee728b)
Start importing Assets/[Game]/Prefabs/Ram &ballista using Guid(b227299795af1204883b91e402dbc664) Importer(815301076,1909f56bfc062723c751e8b465ee728b)  -> (artifact id: 'bf3a49e14289c3137cd59942641abd9c') in 0.009025 seconds
  Import took 0.030258 seconds .

========================================================================
Received Import Request.
  Time since last request: 7.163943 seconds.
  path: Assets/[Game]/Prefabs/Ram& Ballista
  artifactKey: Guid(b227299795af1204883b91e402dbc664) Importer(815301076,1909f56bfc062723c751e8b465ee728b)
Start importing Assets/[Game]/Prefabs/Ram& Ballista using Guid(b227299795af1204883b91e402dbc664) Importer(815301076,1909f56bfc062723c751e8b465ee728b)  -> (artifact id: 'ef0883a957243b27f9c283cca16a0e5e') in 0.009711 seconds
  Import took 0.029060 seconds .

========================================================================
Received Prepare
Registering precompiled user dll's ...
Registered in 0.000927 seconds.
Begin MonoManager ReloadAssembly
Native extension for WindowsStandalone target not found
Refreshing native plugins compatible for Editor in 0.30 ms, found 0 plugins.
Preloading 0 native plugins for Editor in 0.00 ms.
Mono: successfully reloaded assembly
- Completed reload, in  0.799 seconds
Platform modules already initialized, skipping
Refreshing native plugins compatible for Editor in 0.38 ms, found 0 plugins.
Preloading 0 native plugins for Editor in 0.00 ms.
Unloading 1122 Unused Serialized files (Serialized files now loaded: 0)
System memory in use before: 59.0 MB.
System memory in use after: 59.0 MB.

Unloading 5 unused Assets to reduce memory usage. Loaded Objects now: 1588.
Total: 1.617000 ms (FindLiveObjects: 0.113000 ms CreateObjectMapping: 0.028900 ms MarkObjects: 1.376000 ms  DeleteObjects: 0.098400 ms)

AssetImportWorkerClient::OnTransportError - code=2 error=End of file
